2024-09-25 23:23:06,183 - INFO - Cargando datos...
2024-09-25 23:23:33,060 - INFO - Procesando datos...
2024-09-25 23:23:35,306 - INFO - Limpiando dataframe...
2024-09-25 23:23:45,067 - INFO - Reemplazando valores vacíos...
2024-09-25 23:23:45,552 - INFO - Codificando etiquetas...
2024-09-25 23:23:46,543 - INFO - Convirtiendo características a numéricas...
2024-09-25 23:23:46,565 - INFO - Analizando importancia de características...
2024-09-25 23:23:55,523 - INFO - Guardando resultados...
2024-09-25 23:23:56,102 - INFO - Fin del proceso.
2024-09-25 23:53:08,983 - INFO - Cargando datos...
2024-09-25 23:53:37,596 - INFO - Procesando datos...
2024-09-25 23:53:39,949 - INFO - Limpiando dataframe...
2024-09-25 23:53:49,667 - INFO - Reemplazando valores vacios...
2024-09-25 23:53:49,667 - ERROR - Ocurrió un error:'DataFrame' object has no attribute 'replace_empty_with_nan'
2024-09-25 23:53:49,668 - INFO - Fin del proceso.
2024-09-25 23:55:33,414 - INFO - Cargando datos...
2024-09-25 23:56:02,501 - INFO - Procesando datos...
2024-09-25 23:56:04,658 - INFO - Limpiando dataframe...
2024-09-25 23:56:15,048 - INFO - Reemplazando valores vacíos...
2024-09-25 23:56:15,573 - INFO - Codificando etiquetas...
2024-09-25 23:56:16,664 - INFO - Convirtiendo características a numéricas...
2024-09-25 23:56:16,689 - INFO - Analizando importancia de características...
2024-09-25 23:56:25,752 - INFO - Guardando resultados...
2024-09-25 23:56:26,332 - INFO - Fin del proceso.
2024-09-25 23:58:05,011 - INFO - Cargando datos...
2024-09-25 23:58:31,228 - INFO - Procesando datos...
2024-09-25 23:58:33,611 - INFO - Limpiando dataframe...
2024-09-25 23:58:43,517 - INFO - Reemplazando valores vacíos...
2024-09-25 23:58:43,997 - INFO - Codificando etiquetas...
2024-09-25 23:58:45,218 - INFO - Convirtiendo características a numéricas...
2024-09-25 23:58:45,241 - INFO - Analizando importancia de características...
2024-09-25 23:58:54,171 - INFO - Guardando resultados...
2024-09-25 23:58:54,735 - INFO - Fin del proceso.
2024-09-26 00:15:07,271 - INFO - Cargando datos...
2024-09-26 00:15:31,206 - INFO - Procesando datos...
2024-09-26 00:15:33,314 - INFO - Limpiando dataframe...
2024-09-26 00:15:42,599 - INFO - Reemplazando valores vacíos...
2024-09-26 00:15:43,099 - INFO - Codificando etiquetas...
2024-09-26 00:15:44,344 - INFO - Convirtiendo características a numéricas...
2024-09-26 00:15:44,367 - INFO - Analizando importancia de características...
2024-09-26 00:15:53,340 - INFO - Guardando resultados...
2024-09-26 00:15:53,934 - INFO - Fin del proceso.
