2024-09-26 00:39:18,915 - INFO - Matriz de confusión:
[[9601  442]
 [ 269 8252]]
2024-09-26 00:39:18,920 - INFO - Precisión (accuracy): 0.9617
2024-09-26 00:39:18,921 - INFO - Sensibilidad (recall): 0.9684
2024-09-26 00:39:18,921 - INFO - Especificidad (precision): 0.9560
2024-09-26 00:39:18,921 - INFO - F1-score: 0.9622
2024-09-26 00:39:19,061 - INFO - AUC-ROC: 0.9939
2024-09-26 00:39:19,061 - INFO - Train accuracy: 1.0000
2024-09-26 00:39:19,062 - INFO - Test accuracy: 0.9617
2024-09-26 00:39:19,064 - ERROR - Ocurrió un error: [Errno 2] No such file or directory: 'Framework/model/random_forest_model.joblib'
2024-09-26 00:39:58,394 - INFO - Matriz de confusión:
[[9601  442]
 [ 269 8252]]
2024-09-26 00:39:58,394 - INFO - Matriz de confusión:
[[9601  442]
 [ 269 8252]]
2024-09-26 00:39:58,399 - INFO - Precisión (accuracy): 0.9617
2024-09-26 00:39:58,399 - INFO - Precisión (accuracy): 0.9617
2024-09-26 00:39:58,400 - INFO - Sensibilidad (recall): 0.9684
2024-09-26 00:39:58,400 - INFO - Sensibilidad (recall): 0.9684
2024-09-26 00:39:58,400 - INFO - Especificidad (precision): 0.9560
2024-09-26 00:39:58,400 - INFO - Especificidad (precision): 0.9560
2024-09-26 00:39:58,401 - INFO - F1-score: 0.9622
2024-09-26 00:39:58,401 - INFO - F1-score: 0.9622
2024-09-26 00:39:58,546 - INFO - AUC-ROC: 0.9939
2024-09-26 00:39:58,546 - INFO - AUC-ROC: 0.9939
2024-09-26 00:39:58,546 - INFO - Train accuracy: 1.0000
2024-09-26 00:39:58,546 - INFO - Train accuracy: 1.0000
2024-09-26 00:39:58,547 - INFO - Test accuracy: 0.9617
2024-09-26 00:39:58,547 - INFO - Test accuracy: 0.9617
2024-09-26 00:40:54,105 - INFO - Matriz de confusión:
[[9601  442]
 [ 269 8252]]
2024-09-26 00:40:54,105 - INFO - Matriz de confusión:
[[9601  442]
 [ 269 8252]]
2024-09-26 00:40:54,107 - INFO - Precisión (accuracy): 0.9617
2024-09-26 00:40:54,107 - INFO - Precisión (accuracy): 0.9617
2024-09-26 00:40:54,107 - INFO - Sensibilidad (recall): 0.9684
2024-09-26 00:40:54,107 - INFO - Sensibilidad (recall): 0.9684
2024-09-26 00:40:54,108 - INFO - Especificidad (precision): 0.9560
2024-09-26 00:40:54,108 - INFO - Especificidad (precision): 0.9560
2024-09-26 00:40:54,108 - INFO - F1-score: 0.9622
2024-09-26 00:40:54,108 - INFO - F1-score: 0.9622
2024-09-26 00:40:54,260 - INFO - AUC-ROC: 0.9939
2024-09-26 00:40:54,260 - INFO - AUC-ROC: 0.9939
2024-09-26 00:40:54,261 - INFO - Train accuracy: 1.0000
2024-09-26 00:40:54,261 - INFO - Train accuracy: 1.0000
2024-09-26 00:40:54,261 - INFO - Test accuracy: 0.9617
2024-09-26 00:40:54,261 - INFO - Test accuracy: 0.9617
2024-09-26 00:41:50,610 - INFO - Matriz de confusión:
[[9601  442]
 [ 269 8252]]
2024-09-26 00:41:50,610 - INFO - Matriz de confusión:
[[9601  442]
 [ 269 8252]]
2024-09-26 00:41:50,612 - INFO - Precisión (accuracy): 0.9617
2024-09-26 00:41:50,612 - INFO - Precisión (accuracy): 0.9617
2024-09-26 00:41:50,613 - INFO - Sensibilidad (recall): 0.9684
2024-09-26 00:41:50,613 - INFO - Sensibilidad (recall): 0.9684
2024-09-26 00:41:50,613 - INFO - Especificidad (precision): 0.9560
2024-09-26 00:41:50,613 - INFO - Especificidad (precision): 0.9560
2024-09-26 00:41:50,613 - INFO - F1-score: 0.9622
2024-09-26 00:41:50,613 - INFO - F1-score: 0.9622
2024-09-26 00:41:50,753 - INFO - AUC-ROC: 0.9939
2024-09-26 00:41:50,753 - INFO - AUC-ROC: 0.9939
2024-09-26 00:41:50,754 - INFO - Train accuracy: 1.0000
2024-09-26 00:41:50,754 - INFO - Train accuracy: 1.0000
2024-09-26 00:41:50,754 - INFO - Test accuracy: 0.9617
2024-09-26 00:41:50,754 - INFO - Test accuracy: 0.9617
2024-09-26 00:42:46,606 - INFO - Matriz de confusión:
[[9601  442]
 [ 269 8252]]
2024-09-26 00:42:46,606 - INFO - Matriz de confusión:
[[9601  442]
 [ 269 8252]]
2024-09-26 00:42:46,609 - INFO - Precisión (accuracy): 0.9617
2024-09-26 00:42:46,609 - INFO - Precisión (accuracy): 0.9617
2024-09-26 00:42:46,609 - INFO - Sensibilidad (recall): 0.9684
2024-09-26 00:42:46,609 - INFO - Sensibilidad (recall): 0.9684
2024-09-26 00:42:46,609 - INFO - Especificidad (precision): 0.9560
2024-09-26 00:42:46,609 - INFO - Especificidad (precision): 0.9560
2024-09-26 00:42:46,610 - INFO - F1-score: 0.9622
2024-09-26 00:42:46,610 - INFO - F1-score: 0.9622
2024-09-26 00:42:46,752 - INFO - AUC-ROC: 0.9939
2024-09-26 00:42:46,752 - INFO - AUC-ROC: 0.9939
2024-09-26 00:42:46,754 - INFO - Train accuracy: 1.0000
2024-09-26 00:42:46,754 - INFO - Train accuracy: 1.0000
2024-09-26 00:42:46,754 - INFO - Test accuracy: 0.9617
2024-09-26 00:42:46,754 - INFO - Test accuracy: 0.9617
2024-09-26 00:43:44,113 - INFO - Matriz de confusión:
[[9601  442]
 [ 269 8252]]
2024-09-26 00:43:44,113 - INFO - Matriz de confusión:
[[9601  442]
 [ 269 8252]]
2024-09-26 00:43:44,116 - INFO - Precisión (accuracy): 0.9617
2024-09-26 00:43:44,116 - INFO - Precisión (accuracy): 0.9617
2024-09-26 00:43:44,116 - INFO - Sensibilidad (recall): 0.9684
2024-09-26 00:43:44,116 - INFO - Sensibilidad (recall): 0.9684
2024-09-26 00:43:44,117 - INFO - Especificidad (precision): 0.9560
2024-09-26 00:43:44,117 - INFO - Especificidad (precision): 0.9560
2024-09-26 00:43:44,117 - INFO - F1-score: 0.9622
2024-09-26 00:43:44,117 - INFO - F1-score: 0.9622
2024-09-26 00:43:44,264 - INFO - AUC-ROC: 0.9939
2024-09-26 00:43:44,264 - INFO - AUC-ROC: 0.9939
2024-09-26 00:43:44,265 - INFO - Train accuracy: 1.0000
2024-09-26 00:43:44,265 - INFO - Train accuracy: 1.0000
2024-09-26 00:43:44,265 - INFO - Test accuracy: 0.9617
2024-09-26 00:43:44,265 - INFO - Test accuracy: 0.9617
2024-09-26 00:44:31,503 - INFO - Promedio de precisión de entrenamiento: 1.0000
2024-09-26 00:44:31,503 - INFO - Promedio de precisión de entrenamiento: 1.0000
2024-09-26 00:44:31,505 - INFO - Promedio de precisión de prueba: 0.9617
2024-09-26 00:44:31,505 - INFO - Promedio de precisión de prueba: 0.9617
2024-09-26 00:44:31,505 - INFO - Promedio de puntuación de validación cruzada: 0.9611
2024-09-26 00:44:31,505 - INFO - Promedio de puntuación de validación cruzada: 0.9611
2024-09-26 00:44:31,505 - INFO - El modelo no muestra signos de sobreajuste.
2024-09-26 00:44:31,505 - INFO - El modelo no muestra signos de sobreajuste.
2024-09-26 00:45:30,193 - INFO - Matriz de confusión:
[[9601  442]
 [ 269 8252]]
2024-09-26 00:45:30,193 - INFO - Matriz de confusión:
[[9601  442]
 [ 269 8252]]
2024-09-26 00:45:30,193 - INFO - Matriz de confusión:
[[9601  442]
 [ 269 8252]]
2024-09-26 00:45:30,198 - INFO - Precisión (accuracy): 0.9617
2024-09-26 00:45:30,198 - INFO - Precisión (accuracy): 0.9617
2024-09-26 00:45:30,198 - INFO - Precisión (accuracy): 0.9617
2024-09-26 00:45:30,199 - INFO - Sensibilidad (recall): 0.9684
2024-09-26 00:45:30,199 - INFO - Sensibilidad (recall): 0.9684
2024-09-26 00:45:30,199 - INFO - Sensibilidad (recall): 0.9684
2024-09-26 00:45:30,200 - INFO - Especificidad (precision): 0.9560
2024-09-26 00:45:30,200 - INFO - Especificidad (precision): 0.9560
2024-09-26 00:45:30,200 - INFO - Especificidad (precision): 0.9560
2024-09-26 00:45:30,201 - INFO - F1-score: 0.9622
2024-09-26 00:45:30,201 - INFO - F1-score: 0.9622
2024-09-26 00:45:30,201 - INFO - F1-score: 0.9622
2024-09-26 00:45:30,342 - INFO - AUC-ROC: 0.9939
2024-09-26 00:45:30,342 - INFO - AUC-ROC: 0.9939
2024-09-26 00:45:30,342 - INFO - AUC-ROC: 0.9939
2024-09-26 00:45:30,343 - INFO - Train accuracy: 1.0000
2024-09-26 00:45:30,343 - INFO - Train accuracy: 1.0000
2024-09-26 00:45:30,343 - INFO - Train accuracy: 1.0000
2024-09-26 00:45:30,343 - INFO - Test accuracy: 0.9617
2024-09-26 00:45:30,343 - INFO - Test accuracy: 0.9617
2024-09-26 00:45:30,343 - INFO - Test accuracy: 0.9617
2024-09-26 00:46:27,109 - INFO - Matriz de confusión:
[[9601  442]
 [ 269 8252]]
2024-09-26 00:46:27,109 - INFO - Matriz de confusión:
[[9601  442]
 [ 269 8252]]
2024-09-26 00:46:27,109 - INFO - Matriz de confusión:
[[9601  442]
 [ 269 8252]]
2024-09-26 00:46:27,111 - INFO - Precisión (accuracy): 0.9617
2024-09-26 00:46:27,111 - INFO - Precisión (accuracy): 0.9617
2024-09-26 00:46:27,111 - INFO - Precisión (accuracy): 0.9617
2024-09-26 00:46:27,112 - INFO - Sensibilidad (recall): 0.9684
2024-09-26 00:46:27,112 - INFO - Sensibilidad (recall): 0.9684
2024-09-26 00:46:27,112 - INFO - Sensibilidad (recall): 0.9684
2024-09-26 00:46:27,113 - INFO - Especificidad (precision): 0.9560
2024-09-26 00:46:27,113 - INFO - Especificidad (precision): 0.9560
2024-09-26 00:46:27,113 - INFO - Especificidad (precision): 0.9560
2024-09-26 00:46:27,113 - INFO - F1-score: 0.9622
2024-09-26 00:46:27,113 - INFO - F1-score: 0.9622
2024-09-26 00:46:27,113 - INFO - F1-score: 0.9622
2024-09-26 00:46:27,253 - INFO - AUC-ROC: 0.9939
2024-09-26 00:46:27,253 - INFO - AUC-ROC: 0.9939
2024-09-26 00:46:27,253 - INFO - AUC-ROC: 0.9939
2024-09-26 00:46:27,254 - INFO - Train accuracy: 1.0000
2024-09-26 00:46:27,254 - INFO - Train accuracy: 1.0000
2024-09-26 00:46:27,254 - INFO - Train accuracy: 1.0000
2024-09-26 00:46:27,254 - INFO - Test accuracy: 0.9617
2024-09-26 00:46:27,254 - INFO - Test accuracy: 0.9617
2024-09-26 00:46:27,254 - INFO - Test accuracy: 0.9617
2024-09-26 00:47:23,388 - INFO - Matriz de confusión:
[[9601  442]
 [ 269 8252]]
2024-09-26 00:47:23,388 - INFO - Matriz de confusión:
[[9601  442]
 [ 269 8252]]
2024-09-26 00:47:23,388 - INFO - Matriz de confusión:
[[9601  442]
 [ 269 8252]]
2024-09-26 00:47:23,390 - INFO - Precisión (accuracy): 0.9617
2024-09-26 00:47:23,390 - INFO - Precisión (accuracy): 0.9617
2024-09-26 00:47:23,390 - INFO - Precisión (accuracy): 0.9617
2024-09-26 00:47:23,390 - INFO - Sensibilidad (recall): 0.9684
2024-09-26 00:47:23,390 - INFO - Sensibilidad (recall): 0.9684
2024-09-26 00:47:23,390 - INFO - Sensibilidad (recall): 0.9684
2024-09-26 00:47:23,390 - INFO - Especificidad (precision): 0.9560
2024-09-26 00:47:23,390 - INFO - Especificidad (precision): 0.9560
2024-09-26 00:47:23,390 - INFO - Especificidad (precision): 0.9560
2024-09-26 00:47:23,391 - INFO - F1-score: 0.9622
2024-09-26 00:47:23,391 - INFO - F1-score: 0.9622
2024-09-26 00:47:23,391 - INFO - F1-score: 0.9622
2024-09-26 00:47:23,535 - INFO - AUC-ROC: 0.9939
2024-09-26 00:47:23,535 - INFO - AUC-ROC: 0.9939
2024-09-26 00:47:23,535 - INFO - AUC-ROC: 0.9939
2024-09-26 00:47:23,536 - INFO - Train accuracy: 1.0000
2024-09-26 00:47:23,536 - INFO - Train accuracy: 1.0000
2024-09-26 00:47:23,536 - INFO - Train accuracy: 1.0000
2024-09-26 00:47:23,536 - INFO - Test accuracy: 0.9617
2024-09-26 00:47:23,536 - INFO - Test accuracy: 0.9617
2024-09-26 00:47:23,536 - INFO - Test accuracy: 0.9617
2024-09-26 00:48:19,834 - INFO - Matriz de confusión:
[[9601  442]
 [ 269 8252]]
2024-09-26 00:48:19,834 - INFO - Matriz de confusión:
[[9601  442]
 [ 269 8252]]
2024-09-26 00:48:19,834 - INFO - Matriz de confusión:
[[9601  442]
 [ 269 8252]]
2024-09-26 00:48:19,836 - INFO - Precisión (accuracy): 0.9617
2024-09-26 00:48:19,836 - INFO - Precisión (accuracy): 0.9617
2024-09-26 00:48:19,836 - INFO - Precisión (accuracy): 0.9617
2024-09-26 00:48:19,837 - INFO - Sensibilidad (recall): 0.9684
2024-09-26 00:48:19,837 - INFO - Sensibilidad (recall): 0.9684
2024-09-26 00:48:19,837 - INFO - Sensibilidad (recall): 0.9684
2024-09-26 00:48:19,838 - INFO - Especificidad (precision): 0.9560
2024-09-26 00:48:19,838 - INFO - Especificidad (precision): 0.9560
2024-09-26 00:48:19,838 - INFO - Especificidad (precision): 0.9560
2024-09-26 00:48:19,839 - INFO - F1-score: 0.9622
2024-09-26 00:48:19,839 - INFO - F1-score: 0.9622
2024-09-26 00:48:19,839 - INFO - F1-score: 0.9622
2024-09-26 00:48:19,983 - INFO - AUC-ROC: 0.9939
2024-09-26 00:48:19,983 - INFO - AUC-ROC: 0.9939
2024-09-26 00:48:19,983 - INFO - AUC-ROC: 0.9939
2024-09-26 00:48:19,984 - INFO - Train accuracy: 1.0000
2024-09-26 00:48:19,984 - INFO - Train accuracy: 1.0000
2024-09-26 00:48:19,984 - INFO - Train accuracy: 1.0000
2024-09-26 00:48:19,984 - INFO - Test accuracy: 0.9617
2024-09-26 00:48:19,984 - INFO - Test accuracy: 0.9617
2024-09-26 00:48:19,984 - INFO - Test accuracy: 0.9617
2024-09-26 00:49:16,894 - INFO - Matriz de confusión:
[[9601  442]
 [ 269 8252]]
2024-09-26 00:49:16,894 - INFO - Matriz de confusión:
[[9601  442]
 [ 269 8252]]
2024-09-26 00:49:16,894 - INFO - Matriz de confusión:
[[9601  442]
 [ 269 8252]]
2024-09-26 00:49:16,896 - INFO - Precisión (accuracy): 0.9617
2024-09-26 00:49:16,896 - INFO - Precisión (accuracy): 0.9617
2024-09-26 00:49:16,896 - INFO - Precisión (accuracy): 0.9617
2024-09-26 00:49:16,897 - INFO - Sensibilidad (recall): 0.9684
2024-09-26 00:49:16,897 - INFO - Sensibilidad (recall): 0.9684
2024-09-26 00:49:16,897 - INFO - Sensibilidad (recall): 0.9684
2024-09-26 00:49:16,898 - INFO - Especificidad (precision): 0.9560
2024-09-26 00:49:16,898 - INFO - Especificidad (precision): 0.9560
2024-09-26 00:49:16,898 - INFO - Especificidad (precision): 0.9560
2024-09-26 00:49:16,898 - INFO - F1-score: 0.9622
2024-09-26 00:49:16,898 - INFO - F1-score: 0.9622
2024-09-26 00:49:16,898 - INFO - F1-score: 0.9622
2024-09-26 00:49:17,037 - INFO - AUC-ROC: 0.9939
2024-09-26 00:49:17,037 - INFO - AUC-ROC: 0.9939
2024-09-26 00:49:17,037 - INFO - AUC-ROC: 0.9939
2024-09-26 00:49:17,038 - INFO - Train accuracy: 1.0000
2024-09-26 00:49:17,038 - INFO - Train accuracy: 1.0000
2024-09-26 00:49:17,038 - INFO - Train accuracy: 1.0000
2024-09-26 00:49:17,039 - INFO - Test accuracy: 0.9617
2024-09-26 00:49:17,039 - INFO - Test accuracy: 0.9617
2024-09-26 00:49:17,039 - INFO - Test accuracy: 0.9617
2024-09-26 00:50:03,980 - INFO - Promedio de precisión de entrenamiento: 1.0000
2024-09-26 00:50:03,980 - INFO - Promedio de precisión de entrenamiento: 1.0000
2024-09-26 00:50:03,980 - INFO - Promedio de precisión de entrenamiento: 1.0000
2024-09-26 00:50:03,981 - INFO - Promedio de precisión de prueba: 0.9617
2024-09-26 00:50:03,981 - INFO - Promedio de precisión de prueba: 0.9617
2024-09-26 00:50:03,981 - INFO - Promedio de precisión de prueba: 0.9617
2024-09-26 00:50:03,982 - INFO - Promedio de puntuación de validación cruzada: 0.9610
2024-09-26 00:50:03,982 - INFO - Promedio de puntuación de validación cruzada: 0.9610
2024-09-26 00:50:03,982 - INFO - Promedio de puntuación de validación cruzada: 0.9610
2024-09-26 00:50:03,982 - INFO - El modelo no muestra signos de sobreajuste.
2024-09-26 00:50:03,982 - INFO - El modelo no muestra signos de sobreajuste.
2024-09-26 00:50:03,982 - INFO - El modelo no muestra signos de sobreajuste.
2024-09-26 00:50:29,375 - INFO - Matriz de confusión:
[[9601  442]
 [ 269 8252]]
2024-09-26 00:50:29,375 - INFO - Matriz de confusión:
[[9601  442]
 [ 269 8252]]
2024-09-26 00:50:29,375 - INFO - Matriz de confusión:
[[9601  442]
 [ 269 8252]]
2024-09-26 00:50:29,375 - INFO - Matriz de confusión:
[[9601  442]
 [ 269 8252]]
2024-09-26 00:50:29,381 - INFO - Precisión (accuracy): 0.9617
2024-09-26 00:50:29,381 - INFO - Precisión (accuracy): 0.9617
2024-09-26 00:50:29,381 - INFO - Precisión (accuracy): 0.9617
2024-09-26 00:50:29,381 - INFO - Precisión (accuracy): 0.9617
2024-09-26 00:50:29,382 - INFO - Sensibilidad (recall): 0.9684
2024-09-26 00:50:29,382 - INFO - Sensibilidad (recall): 0.9684
2024-09-26 00:50:29,382 - INFO - Sensibilidad (recall): 0.9684
2024-09-26 00:50:29,382 - INFO - Sensibilidad (recall): 0.9684
2024-09-26 00:50:29,383 - INFO - Especificidad (precision): 0.9560
2024-09-26 00:50:29,383 - INFO - Especificidad (precision): 0.9560
2024-09-26 00:50:29,383 - INFO - Especificidad (precision): 0.9560
2024-09-26 00:50:29,383 - INFO - Especificidad (precision): 0.9560
2024-09-26 00:50:29,383 - INFO - F1-score: 0.9622
2024-09-26 00:50:29,383 - INFO - F1-score: 0.9622
2024-09-26 00:50:29,383 - INFO - F1-score: 0.9622
2024-09-26 00:50:29,383 - INFO - F1-score: 0.9622
2024-09-26 00:50:29,524 - INFO - AUC-ROC: 0.9939
2024-09-26 00:50:29,524 - INFO - AUC-ROC: 0.9939
2024-09-26 00:50:29,524 - INFO - AUC-ROC: 0.9939
2024-09-26 00:50:29,524 - INFO - AUC-ROC: 0.9939
2024-09-26 00:50:29,525 - INFO - Train accuracy: 1.0000
2024-09-26 00:50:29,525 - INFO - Train accuracy: 1.0000
2024-09-26 00:50:29,525 - INFO - Train accuracy: 1.0000
2024-09-26 00:50:29,525 - INFO - Train accuracy: 1.0000
2024-09-26 00:50:29,525 - INFO - Test accuracy: 0.9617
2024-09-26 00:50:29,525 - INFO - Test accuracy: 0.9617
2024-09-26 00:50:29,525 - INFO - Test accuracy: 0.9617
2024-09-26 00:50:29,525 - INFO - Test accuracy: 0.9617
2024-09-26 00:50:29,529 - ERROR - Ocurrió un error: [Errno 2] No such file or directory: 'Framework/model/random_forest_model.joblib'
2024-09-26 00:50:29,529 - ERROR - Ocurrió un error: [Errno 2] No such file or directory: 'Framework/model/random_forest_model.joblib'
2024-09-26 00:50:29,529 - ERROR - Ocurrió un error: [Errno 2] No such file or directory: 'Framework/model/random_forest_model.joblib'
2024-09-26 00:50:29,529 - ERROR - Ocurrió un error: [Errno 2] No such file or directory: 'Framework/model/random_forest_model.joblib'
2024-09-26 00:51:00,784 - INFO - Matriz de confusión:
[[9601  442]
 [ 269 8252]]
2024-09-26 00:51:00,784 - INFO - Matriz de confusión:
[[9601  442]
 [ 269 8252]]
2024-09-26 00:51:00,784 - INFO - Matriz de confusión:
[[9601  442]
 [ 269 8252]]
2024-09-26 00:51:00,784 - INFO - Matriz de confusión:
[[9601  442]
 [ 269 8252]]
2024-09-26 00:51:00,784 - INFO - Matriz de confusión:
[[9601  442]
 [ 269 8252]]
2024-09-26 00:51:00,934 - INFO - Precisión (accuracy): 0.9617
2024-09-26 00:51:00,934 - INFO - Precisión (accuracy): 0.9617
2024-09-26 00:51:00,934 - INFO - Precisión (accuracy): 0.9617
2024-09-26 00:51:00,934 - INFO - Precisión (accuracy): 0.9617
2024-09-26 00:51:00,934 - INFO - Precisión (accuracy): 0.9617
2024-09-26 00:51:00,935 - INFO - Sensibilidad (recall): 0.9684
2024-09-26 00:51:00,935 - INFO - Sensibilidad (recall): 0.9684
2024-09-26 00:51:00,935 - INFO - Sensibilidad (recall): 0.9684
2024-09-26 00:51:00,935 - INFO - Sensibilidad (recall): 0.9684
2024-09-26 00:51:00,935 - INFO - Sensibilidad (recall): 0.9684
2024-09-26 00:51:00,936 - INFO - Especificidad (precision): 0.9560
2024-09-26 00:51:00,936 - INFO - Especificidad (precision): 0.9560
2024-09-26 00:51:00,936 - INFO - Especificidad (precision): 0.9560
2024-09-26 00:51:00,936 - INFO - Especificidad (precision): 0.9560
2024-09-26 00:51:00,936 - INFO - Especificidad (precision): 0.9560
2024-09-26 00:51:00,937 - INFO - F1-score: 0.9622
2024-09-26 00:51:00,937 - INFO - F1-score: 0.9622
2024-09-26 00:51:00,937 - INFO - F1-score: 0.9622
2024-09-26 00:51:00,937 - INFO - F1-score: 0.9622
2024-09-26 00:51:00,937 - INFO - F1-score: 0.9622
2024-09-26 00:51:01,081 - INFO - AUC-ROC: 0.9939
2024-09-26 00:51:01,081 - INFO - AUC-ROC: 0.9939
2024-09-26 00:51:01,081 - INFO - AUC-ROC: 0.9939
2024-09-26 00:51:01,081 - INFO - AUC-ROC: 0.9939
2024-09-26 00:51:01,081 - INFO - AUC-ROC: 0.9939
2024-09-26 00:51:01,082 - INFO - Train accuracy: 1.0000
2024-09-26 00:51:01,082 - INFO - Train accuracy: 1.0000
2024-09-26 00:51:01,082 - INFO - Train accuracy: 1.0000
2024-09-26 00:51:01,082 - INFO - Train accuracy: 1.0000
2024-09-26 00:51:01,082 - INFO - Train accuracy: 1.0000
2024-09-26 00:51:01,083 - INFO - Test accuracy: 0.9617
2024-09-26 00:51:01,083 - INFO - Test accuracy: 0.9617
2024-09-26 00:51:01,083 - INFO - Test accuracy: 0.9617
2024-09-26 00:51:01,083 - INFO - Test accuracy: 0.9617
2024-09-26 00:51:01,083 - INFO - Test accuracy: 0.9617
2024-09-26 00:51:01,086 - ERROR - Ocurrió un error: [Errno 2] No such file or directory: 'Framework/model/random_forest_model.joblib'
2024-09-26 00:51:01,086 - ERROR - Ocurrió un error: [Errno 2] No such file or directory: 'Framework/model/random_forest_model.joblib'
2024-09-26 00:51:01,086 - ERROR - Ocurrió un error: [Errno 2] No such file or directory: 'Framework/model/random_forest_model.joblib'
2024-09-26 00:51:01,086 - ERROR - Ocurrió un error: [Errno 2] No such file or directory: 'Framework/model/random_forest_model.joblib'
2024-09-26 00:51:01,086 - ERROR - Ocurrió un error: [Errno 2] No such file or directory: 'Framework/model/random_forest_model.joblib'
